<?xml version="1.0" encoding="UTF-8"?>
<!-- Generated by org.testng.reporters.JUnitReportReporter -->
<testsuite hostname="Lenovo" failures="0" tests="1" name="Com.TRSConsultancyServices.TRSskillfill.HomeSection" time="17.866" errors="0" timestamp="2022-05-29T09:22:20 IST" skipped="0">
  <testcase classname="Com.TRSConsultancyServices.TRSskillfill.HomeSection" name="findBrokenLinkes" time="17.866"/>
  <system-out/>
</testsuite> <!-- Com.TRSConsultancyServices.TRSskillfill.HomeSection -->
