<?xml version="1.0" encoding="UTF-8"?>
<!-- Generated by org.testng.reporters.JUnitReportReporter -->
<testsuite hostname="DESKTOP-3J4ONC8" failures="0" tests="10" name="Com.TRSConsultancyServices.TRSskillfill.Services" time="45.535" errors="0" timestamp="2022-05-30T21:46:19 IST" skipped="0">
  <testcase classname="Com.TRSConsultancyServices.TRSskillfill.Services" name="aboutus" time="2.801"/>
  <system-out/>
  <testcase classname="Com.TRSConsultancyServices.TRSskillfill.Services" name="findBrokenLinkes" time="27.712"/>
  <system-out/>
  <testcase classname="Com.TRSConsultancyServices.TRSskillfill.Services" name="validateAbouturl" time="2.294"/>
  <system-out/>
  <testcase classname="Com.TRSConsultancyServices.TRSskillfill.Services" name="About" time="0.425"/>
  <system-out/>
  <testcase classname="Com.TRSConsultancyServices.TRSskillfill.Services" name="services" time="2.758"/>
  <system-out/>
  <testcase classname="Com.TRSConsultancyServices.TRSskillfill.Services" name="checknavigation" time="2.088"/>
  <system-out/>
  <testcase classname="Com.TRSConsultancyServices.TRSskillfill.Services" name="Homepage" time="2.322"/>
  <system-out/>
  <testcase classname="Com.TRSConsultancyServices.TRSskillfill.Services" name="ser" time="3.671"/>
  <system-out/>
  <testcase classname="Com.TRSConsultancyServices.TRSskillfill.Services" name="content" time="1.045"/>
  <system-out/>
  <testcase classname="Com.TRSConsultancyServices.TRSskillfill.Services" name="uparrow" time="0.419"/>
  <system-out/>
</testsuite> <!-- Com.TRSConsultancyServices.TRSskillfill.Services -->
