<?xml version="1.0" encoding="UTF-8"?>
<!-- Generated by org.testng.reporters.JUnitReportReporter -->
<testsuite hostname="Lenovo" failures="0" tests="2" name="Com.TRSConsultancyServices.TRSskillfill.HeaderLinks" time="11.969" errors="0" timestamp="2022-05-29T09:25:32 IST" skipped="0">
  <testcase classname="Com.TRSConsultancyServices.TRSskillfill.HeaderLinks" name="findBrokenLinkes" time="9.219"/>
  <system-out/>
  <testcase classname="Com.TRSConsultancyServices.TRSskillfill.HeaderLinks" name="checknavigation" time="2.750"/>
  <system-out/>
</testsuite> <!-- Com.TRSConsultancyServices.TRSskillfill.HeaderLinks -->
